<?xml version="1.0" encoding="UTF-8"?>
<testsuite name="UnitTest" tests="1" skipped="0" failures="0" errors="0" timestamp="2024-09-21T14:38:09" hostname="Rosita.local" time="0.006">
  <properties/>
  <testcase name="testSuma()" classname="UnitTest" time="0.006"/>
  <system-out><![CDATA[Antes que todo
Antes de cada uno
Despues de cada uno
Despues que todo
]]></system-out>
  <system-err><![CDATA[]]></system-err>
</testsuite>
